mode: set
locking/locking/manager.go:72.40,75.36 2 1
locking/locking/manager.go:79.2,84.3 1 1
locking/locking/manager.go:75.36,77.3 1 1
locking/locking/manager.go:87.68,90.16 2 1
locking/locking/manager.go:95.2,100.38 4 1
locking/locking/manager.go:105.2,108.41 3 1
locking/locking/manager.go:122.2,122.26 1 1
locking/locking/manager.go:131.2,131.19 1 1
locking/locking/manager.go:90.16,92.3 1 0
locking/locking/manager.go:100.38,102.3 1 1
locking/locking/manager.go:108.41,109.22 1 1
locking/locking/manager.go:109.22,112.34 2 1
locking/locking/manager.go:112.34,115.5 1 1
locking/locking/manager.go:116.9,118.4 1 1
locking/locking/manager.go:122.26,127.3 2 1
locking/locking/manager.go:127.8,129.3 1 1
locking/locking/manager.go:134.90,137.16 2 1
locking/locking/manager.go:142.2,147.38 4 1
locking/locking/manager.go:152.2,154.25 2 1
locking/locking/manager.go:165.2,165.19 1 1
locking/locking/manager.go:137.16,139.3 1 0
locking/locking/manager.go:147.38,149.3 1 1
locking/locking/manager.go:154.25,157.13 2 1
locking/locking/manager.go:162.3,162.19 1 1
locking/locking/manager.go:157.13,160.4 2 1
locking/locking/manager.go:171.49,173.38 2 1
locking/locking/manager.go:178.2,181.41 3 1
locking/locking/manager.go:198.2,198.64 1 1
locking/locking/manager.go:211.2,211.27 1 1
locking/locking/manager.go:173.38,175.3 1 1
locking/locking/manager.go:181.41,182.32 1 1
locking/locking/manager.go:182.32,184.35 1 1
locking/locking/manager.go:184.35,186.5 1 1
locking/locking/manager.go:187.9,189.37 1 1
locking/locking/manager.go:189.37,191.5 1 1
locking/locking/manager.go:191.10,193.5 1 1
locking/locking/manager.go:198.64,204.13 4 1
locking/locking/manager.go:204.13,207.4 2 1
locking/locking/manager.go:211.27,213.3 1 1
locking/locking/manager.go:213.8,213.53 1 1
locking/locking/manager.go:213.53,217.3 1 1
locking/locking/manager.go:220.31,221.12 1 1
locking/locking/manager.go:221.12,222.7 1 1
locking/locking/manager.go:222.7,228.4 4 1
locking/locking/manager.go:232.31,234.2 0 1
locking/locking/manager.go:236.115,239.16 2 1
locking/locking/manager.go:244.2,260.51 7 1
locking/locking/manager.go:291.2,291.20 1 1
locking/locking/manager.go:239.16,241.3 1 1
locking/locking/manager.go:260.51,269.13 4 1
locking/locking/manager.go:269.13,272.4 2 1
locking/locking/manager.go:273.8,273.29 1 1
locking/locking/manager.go:273.29,276.3 1 1
locking/locking/manager.go:276.8,285.13 3 1
locking/locking/manager.go:285.13,288.4 2 1
locking/locking/manager.go:294.71,297.16 2 1
locking/locking/manager.go:302.2,307.35 4 1
locking/locking/manager.go:311.2,312.8 2 1
locking/locking/manager.go:297.16,299.3 1 0
locking/locking/manager.go:307.35,309.3 1 1
locking/locking/manager.go:315.73,318.16 2 1
locking/locking/manager.go:323.2,328.35 4 1
locking/locking/manager.go:333.2,337.44 4 1
locking/locking/manager.go:342.2,342.8 1 1
locking/locking/manager.go:318.16,320.3 1 0
locking/locking/manager.go:328.35,330.3 1 1
locking/locking/manager.go:337.44,340.3 2 1
locking/locking/path.go:17.52,19.38 1 1
locking/locking/path.go:27.2,27.38 1 1
locking/locking/path.go:31.2,31.18 1 1
locking/locking/path.go:19.38,21.3 1 1
locking/locking/path.go:27.38,29.3 1 1
locking/locking/ticket.go:41.33,43.2 1 1
locking/locking/ticket.go:45.45,47.2 1 1
